Using pre-set license
Built from '2021.3/staging' branch; Version is '2021.3.9f1 (ad3870b89536) revision 11352176'; Using compiler version '192829333'; Build Type 'Release'
OS: 'Windows 10  (10.0.19044) 64bit Core' Language: 'en' Physical Memory: 32509 MB
BatchMode: 1, IsHumanControllingUs: 0, StartBugReporterOnCrash: 0, Is64bit: 1, IsPro: 1

COMMAND LINE ARGUMENTS:
C:\Program Files\Unity\Hub\Editor\2021.3.9f1\Editor\Unity.exe
-adb2
-batchMode
-noUpm
-name
AssetImportWorker0
-projectPath
C:/Users/Kevin/Desktop/FG
-logFile
Logs/AssetImportWorker0.log
-srvPort
50202
Successfully changed project path to: C:/Users/Kevin/Desktop/FG
C:/Users/Kevin/Desktop/FG
[UnityMemory] Configuration Parameters - Can be set up in boot.config
    "memorysetup-bucket-allocator-granularity=16"
    "memorysetup-bucket-allocator-bucket-count=8"
    "memorysetup-bucket-allocator-block-size=33554432"
    "memorysetup-bucket-allocator-block-count=8"
    "memorysetup-main-allocator-block-size=16777216"
    "memorysetup-thread-allocator-block-size=16777216"
    "memorysetup-gfx-main-allocator-block-size=16777216"
    "memorysetup-gfx-thread-allocator-block-size=16777216"
    "memorysetup-cache-allocator-block-size=4194304"
    "memorysetup-typetree-allocator-block-size=2097152"
    "memorysetup-profiler-bucket-allocator-granularity=16"
    "memorysetup-profiler-bucket-allocator-bucket-count=8"
    "memorysetup-profiler-bucket-allocator-block-size=33554432"
    "memorysetup-profiler-bucket-allocator-block-count=8"
    "memorysetup-profiler-allocator-block-size=16777216"
    "memorysetup-profiler-editor-allocator-block-size=1048576"
    "memorysetup-temp-allocator-size-main=16777216"
    "memorysetup-job-temp-allocator-block-size=2097152"
    "memorysetup-job-temp-allocator-block-size-background=1048576"
    "memorysetup-job-temp-allocator-reduction-small-platforms=262144"
    "memorysetup-temp-allocator-size-background-worker=32768"
    "memorysetup-temp-allocator-size-job-worker=262144"
    "memorysetup-temp-allocator-size-preload-manager=33554432"
    "memorysetup-temp-allocator-size-nav-mesh-worker=65536"
    "memorysetup-temp-allocator-size-audio-worker=65536"
    "memorysetup-temp-allocator-size-cloud-worker=32768"
    "memorysetup-temp-allocator-size-gi-baking-worker=262144"
    "memorysetup-temp-allocator-size-gfx=262144"
Refreshing native plugins compatible for Editor in 76.11 ms, found 3 plugins.
Preloading 0 native plugins for Editor in 0.00 ms.
Initialize engine version: 2021.3.9f1 (ad3870b89536)
[Subsystems] Discovering subsystems at path C:/Program Files/Unity/Hub/Editor/2021.3.9f1/Editor/Data/Resources/UnitySubsystems
[Subsystems] Discovering subsystems at path C:/Users/Kevin/Desktop/FG/Assets
GfxDevice: creating device client; threaded=0; jobified=0
Direct3D:
    Version:  Direct3D 11.0 [level 11.1]
    Renderer: NVIDIA GeForce RTX 3070 Ti (ID=0x2482)
    Vendor:   NVIDIA
    VRAM:     8041 MB
    Driver:   30.0.15.1277
Initialize mono
Mono path[0] = 'C:/Program Files/Unity/Hub/Editor/2021.3.9f1/Editor/Data/Managed'
Mono path[1] = 'C:/Program Files/Unity/Hub/Editor/2021.3.9f1/Editor/Data/MonoBleedingEdge/lib/mono/unityjit-win32'
Mono config path = 'C:/Program Files/Unity/Hub/Editor/2021.3.9f1/Editor/Data/MonoBleedingEdge/etc'
Using monoOptions --debugger-agent=transport=dt_socket,embedding=1,server=y,suspend=n,address=127.0.0.1:56400
Begin MonoManager ReloadAssembly
Registering precompiled unity dll's ...
Register platform support module: C:/Program Files/Unity/Hub/Editor/2021.3.9f1/Editor/Data/PlaybackEngines/WebGLSupport/UnityEditor.WebGL.Extensions.dll
Register platform support module: C:/Program Files/Unity/Hub/Editor/2021.3.9f1/Editor/Data/PlaybackEngines/WindowsStandaloneSupport/UnityEditor.WindowsStandalone.Extensions.dll
Registered in 0.011973 seconds.
Native extension for WindowsStandalone target not found
Native extension for WebGL target not found
Refreshing native plugins compatible for Editor in 77.39 ms, found 3 plugins.
Preloading 0 native plugins for Editor in 0.00 ms.
Mono: successfully reloaded assembly
- Completed reload, in  0.735 seconds
Domain Reload Profiling:
	ReloadAssembly (736ms)
		BeginReloadAssembly (78ms)
			ExecutionOrderSort (0ms)
			DisableScriptedObjects (0ms)
			BackupInstance (0ms)
			ReleaseScriptingObjects (0ms)
			CreateAndSetChildDomain (1ms)
		EndReloadAssembly (529ms)
			LoadAssemblies (76ms)
			RebuildTransferFunctionScriptingTraits (0ms)
			SetupTypeCache (109ms)
			ReleaseScriptCaches (0ms)
			RebuildScriptCaches (31ms)
			SetupLoadedEditorAssemblies (328ms)
				LogAssemblyErrors (0ms)
				InitializePlatformSupportModulesInManaged (12ms)
				SetLoadedEditorAssemblies (0ms)
				RefreshPlugins (78ms)
				BeforeProcessingInitializeOnLoad (1ms)
				ProcessInitializeOnLoadAttributes (167ms)
				ProcessInitializeOnLoadMethodAttributes (69ms)
				AfterProcessingInitializeOnLoad (0ms)
				EditorAssembliesLoaded (0ms)
			ExecutionOrderSort2 (0ms)
			AwakeInstancesAfterBackupRestoration (0ms)
Platform modules already initialized, skipping
Registering precompiled user dll's ...
Registered in 0.006395 seconds.
Begin MonoManager ReloadAssembly
Native extension for WindowsStandalone target not found
Native extension for WebGL target not found
Refreshing native plugins compatible for Editor in 0.58 ms, found 3 plugins.
Preloading 0 native plugins for Editor in 0.00 ms.
Mono: successfully reloaded assembly
- Completed reload, in  1.054 seconds
Domain Reload Profiling:
	ReloadAssembly (1055ms)
		BeginReloadAssembly (113ms)
			ExecutionOrderSort (0ms)
			DisableScriptedObjects (6ms)
			BackupInstance (0ms)
			ReleaseScriptingObjects (0ms)
			CreateAndSetChildDomain (17ms)
		EndReloadAssembly (821ms)
			LoadAssemblies (79ms)
			RebuildTransferFunctionScriptingTraits (0ms)
			SetupTypeCache (228ms)
			ReleaseScriptCaches (0ms)
			RebuildScriptCaches (57ms)
			SetupLoadedEditorAssemblies (409ms)
				LogAssemblyErrors (0ms)
				InitializePlatformSupportModulesInManaged (9ms)
				SetLoadedEditorAssemblies (1ms)
				RefreshPlugins (1ms)
				BeforeProcessingInitializeOnLoad (88ms)
				ProcessInitializeOnLoadAttributes (271ms)
				ProcessInitializeOnLoadMethodAttributes (31ms)
				AfterProcessingInitializeOnLoad (9ms)
				EditorAssembliesLoaded (0ms)
			ExecutionOrderSort2 (0ms)
			AwakeInstancesAfterBackupRestoration (6ms)
Platform modules already initialized, skipping
========================================================================
Worker process is ready to serve import requests
Launched and connected shader compiler UnityShaderCompiler.exe after 0.04 seconds
Refreshing native plugins compatible for Editor in 0.37 ms, found 3 plugins.
Preloading 0 native plugins for Editor in 0.00 ms.
Unloading 3319 Unused Serialized files (Serialized files now loaded: 0)
Unloading 24 unused Assets / (55.8 KB). Loaded Objects now: 3778.
Memory consumption went from 115.3 MB to 115.2 MB.
Total: 2.446400 ms (FindLiveObjects: 0.191200 ms CreateObjectMapping: 0.074200 ms MarkObjects: 2.106000 ms  DeleteObjects: 0.074000 ms)

AssetImportParameters requested are different than current active one (requested -> active):
  custom:video-decoder-ogg-theora: a1e56fd34408186e4bbccfd4996cb3dc -> 
  custom:container-muxer-webm: aa71ff27fc2769a1b78a27578f13a17b -> 
  custom:container-demuxer-webm: 4f35f7cbe854078d1ac9338744f61a02 -> 
  custom:video-encoder-webm-vp8: eb34c28f22e8b96e1ab97ce403110664 -> 
  custom:audio-encoder-webm-vorbis: bf7c407c2cedff20999df2af8eb42d56 -> 
  custom:framework-win-MediaFoundation: 216162199b28c13a410421893ffa2e32 -> 
  custom:container-demuxer-ogg: 62fdf1f143b41e24485cea50d1cbac27 -> 
  custom:video-decoder-webm-vp8: 9c59270c3fd7afecdb556c50c9e8de78 -> 
  custom:audio-decoder-ogg-vorbis: bf7c407c2cedff20999df2af8eb42d56 -> 
========================================================================
Received Import Request.
  Time since last request: 183933.901138 seconds.
  path: Assets/9cc52a4e9ea7e750b8f103d3deedc5f6.jpg
  artifactKey: Guid(8e56a21f28bcc684b82c633a8899adf6) Importer(815301076,1909f56bfc062723c751e8b465ee728b)
Start importing Assets/9cc52a4e9ea7e750b8f103d3deedc5f6.jpg using Guid(8e56a21f28bcc684b82c633a8899adf6) Importer(815301076,1909f56bfc062723c751e8b465ee728b)  -> (artifact id: '31b17edf5f38ec59402ebbaba7cb3a81') in 0.220306 seconds 
========================================================================
Received Prepare
Registering precompiled user dll's ...
Registered in 0.005555 seconds.
Begin MonoManager ReloadAssembly
Native extension for WindowsStandalone target not found
Native extension for WebGL target not found
Refreshing native plugins compatible for Editor in 0.64 ms, found 3 plugins.
Preloading 0 native plugins for Editor in 0.00 ms.
Mono: successfully reloaded assembly
- Completed reload, in  1.045 seconds
Domain Reload Profiling:
	ReloadAssembly (1046ms)
		BeginReloadAssembly (138ms)
			ExecutionOrderSort (0ms)
			DisableScriptedObjects (6ms)
			BackupInstance (0ms)
			ReleaseScriptingObjects (0ms)
			CreateAndSetChildDomain (32ms)
		EndReloadAssembly (792ms)
			LoadAssemblies (93ms)
			RebuildTransferFunctionScriptingTraits (0ms)
			SetupTypeCache (227ms)
			ReleaseScriptCaches (1ms)
			RebuildScriptCaches (45ms)
			SetupLoadedEditorAssemblies (378ms)
				LogAssemblyErrors (0ms)
				InitializePlatformSupportModulesInManaged (18ms)
				SetLoadedEditorAssemblies (1ms)
				RefreshPlugins (1ms)
				BeforeProcessingInitializeOnLoad (68ms)
				ProcessInitializeOnLoadAttributes (248ms)
				ProcessInitializeOnLoadMethodAttributes (33ms)
				AfterProcessingInitializeOnLoad (10ms)
				EditorAssembliesLoaded (0ms)
			ExecutionOrderSort2 (0ms)
			AwakeInstancesAfterBackupRestoration (8ms)
Platform modules already initialized, skipping
Refreshing native plugins compatible for Editor in 1.95 ms, found 3 plugins.
Preloading 0 native plugins for Editor in 0.00 ms.
Unloading 3300 Unused Serialized files (Serialized files now loaded: 0)
Unloading 17 unused Assets / (24.7 KB). Loaded Objects now: 3788.
Memory consumption went from 118.2 MB to 118.1 MB.
Total: 3.280100 ms (FindLiveObjects: 0.422900 ms CreateObjectMapping: 0.089100 ms MarkObjects: 2.740700 ms  DeleteObjects: 0.025900 ms)

AssetImportParameters requested are different than current active one (requested -> active):
  custom:video-decoder-ogg-theora: a1e56fd34408186e4bbccfd4996cb3dc -> 
  custom:container-muxer-webm: aa71ff27fc2769a1b78a27578f13a17b -> 
  custom:container-demuxer-webm: 4f35f7cbe854078d1ac9338744f61a02 -> 
  custom:video-encoder-webm-vp8: eb34c28f22e8b96e1ab97ce403110664 -> 
  custom:audio-encoder-webm-vorbis: bf7c407c2cedff20999df2af8eb42d56 -> 
  custom:framework-win-MediaFoundation: 216162199b28c13a410421893ffa2e32 -> 
  custom:container-demuxer-ogg: 62fdf1f143b41e24485cea50d1cbac27 -> 
  custom:video-decoder-webm-vp8: 9c59270c3fd7afecdb556c50c9e8de78 -> 
  custom:audio-decoder-ogg-vorbis: bf7c407c2cedff20999df2af8eb42d56 -> 
========================================================================
Received Prepare
Registering precompiled user dll's ...
Registered in 0.005634 seconds.
Begin MonoManager ReloadAssembly
Native extension for WindowsStandalone target not found
Native extension for WebGL target not found
Refreshing native plugins compatible for Editor in 0.61 ms, found 3 plugins.
Preloading 0 native plugins for Editor in 0.00 ms.
Mono: successfully reloaded assembly
- Completed reload, in  1.030 seconds
Domain Reload Profiling:
	ReloadAssembly (1031ms)
		BeginReloadAssembly (124ms)
			ExecutionOrderSort (0ms)
			DisableScriptedObjects (6ms)
			BackupInstance (0ms)
			ReleaseScriptingObjects (0ms)
			CreateAndSetChildDomain (29ms)
		EndReloadAssembly (803ms)
			LoadAssemblies (79ms)
			RebuildTransferFunctionScriptingTraits (0ms)
			SetupTypeCache (233ms)
			ReleaseScriptCaches (1ms)
			RebuildScriptCaches (43ms)
			SetupLoadedEditorAssemblies (395ms)
				LogAssemblyErrors (0ms)
				InitializePlatformSupportModulesInManaged (17ms)
				SetLoadedEditorAssemblies (1ms)
				RefreshPlugins (1ms)
				BeforeProcessingInitializeOnLoad (70ms)
				ProcessInitializeOnLoadAttributes (265ms)
				ProcessInitializeOnLoadMethodAttributes (33ms)
				AfterProcessingInitializeOnLoad (9ms)
				EditorAssembliesLoaded (0ms)
			ExecutionOrderSort2 (0ms)
			AwakeInstancesAfterBackupRestoration (7ms)
Platform modules already initialized, skipping
Refreshing native plugins compatible for Editor in 2.28 ms, found 3 plugins.
Preloading 0 native plugins for Editor in 0.00 ms.
Unloading 3460 Unused Serialized files (Serialized files now loaded: 0)
Unloading 19 unused Assets / (118.2 KB). Loaded Objects now: 3960.
Memory consumption went from 124.2 MB to 124.1 MB.
Total: 3.316300 ms (FindLiveObjects: 0.391600 ms CreateObjectMapping: 0.103300 ms MarkObjects: 2.711300 ms  DeleteObjects: 0.108600 ms)

AssetImportParameters requested are different than current active one (requested -> active):
  custom:video-decoder-ogg-theora: a1e56fd34408186e4bbccfd4996cb3dc -> 
  custom:container-muxer-webm: aa71ff27fc2769a1b78a27578f13a17b -> 
  custom:container-demuxer-webm: 4f35f7cbe854078d1ac9338744f61a02 -> 
  custom:video-encoder-webm-vp8: eb34c28f22e8b96e1ab97ce403110664 -> 
  custom:audio-encoder-webm-vorbis: bf7c407c2cedff20999df2af8eb42d56 -> 
  custom:framework-win-MediaFoundation: 216162199b28c13a410421893ffa2e32 -> 
  custom:container-demuxer-ogg: 62fdf1f143b41e24485cea50d1cbac27 -> 
  custom:video-decoder-webm-vp8: 9c59270c3fd7afecdb556c50c9e8de78 -> 
  custom:audio-decoder-ogg-vorbis: bf7c407c2cedff20999df2af8eb42d56 -> 
========================================================================
Received Prepare
Registering precompiled user dll's ...
Registered in 0.005847 seconds.
Begin MonoManager ReloadAssembly
Native extension for WindowsStandalone target not found
Native extension for WebGL target not found
Refreshing native plugins compatible for Editor in 0.62 ms, found 3 plugins.
Preloading 0 native plugins for Editor in 0.00 ms.
Mono: successfully reloaded assembly
- Completed reload, in  1.077 seconds
Domain Reload Profiling:
	ReloadAssembly (1078ms)
		BeginReloadAssembly (122ms)
			ExecutionOrderSort (0ms)
			DisableScriptedObjects (6ms)
			BackupInstance (0ms)
			ReleaseScriptingObjects (0ms)
			CreateAndSetChildDomain (31ms)
		EndReloadAssembly (844ms)
			LoadAssemblies (78ms)
			RebuildTransferFunctionScriptingTraits (0ms)
			SetupTypeCache (233ms)
			ReleaseScriptCaches (1ms)
			RebuildScriptCaches (47ms)
			SetupLoadedEditorAssemblies (426ms)
				LogAssemblyErrors (0ms)
				InitializePlatformSupportModulesInManaged (18ms)
				SetLoadedEditorAssemblies (1ms)
				RefreshPlugins (1ms)
				BeforeProcessingInitializeOnLoad (80ms)
				ProcessInitializeOnLoadAttributes (276ms)
				ProcessInitializeOnLoadMethodAttributes (40ms)
				AfterProcessingInitializeOnLoad (10ms)
				EditorAssembliesLoaded (0ms)
			ExecutionOrderSort2 (0ms)
			AwakeInstancesAfterBackupRestoration (7ms)
Platform modules already initialized, skipping
Refreshing native plugins compatible for Editor in 1.85 ms, found 3 plugins.
Preloading 0 native plugins for Editor in 0.00 ms.
Unloading 3460 Unused Serialized files (Serialized files now loaded: 0)
Unloading 19 unused Assets / (118.3 KB). Loaded Objects now: 3975.
Memory consumption went from 124.2 MB to 124.1 MB.
Total: 2.810400 ms (FindLiveObjects: 0.363300 ms CreateObjectMapping: 0.088600 ms MarkObjects: 2.280200 ms  DeleteObjects: 0.077300 ms)

AssetImportParameters requested are different than current active one (requested -> active):
  custom:video-decoder-ogg-theora: a1e56fd34408186e4bbccfd4996cb3dc -> 
  custom:container-muxer-webm: aa71ff27fc2769a1b78a27578f13a17b -> 
  custom:container-demuxer-webm: 4f35f7cbe854078d1ac9338744f61a02 -> 
  custom:video-encoder-webm-vp8: eb34c28f22e8b96e1ab97ce403110664 -> 
  custom:audio-encoder-webm-vorbis: bf7c407c2cedff20999df2af8eb42d56 -> 
  custom:framework-win-MediaFoundation: 216162199b28c13a410421893ffa2e32 -> 
  custom:container-demuxer-ogg: 62fdf1f143b41e24485cea50d1cbac27 -> 
  custom:video-decoder-webm-vp8: 9c59270c3fd7afecdb556c50c9e8de78 -> 
  custom:audio-decoder-ogg-vorbis: bf7c407c2cedff20999df2af8eb42d56 -> 
========================================================================
Received Prepare
Registering precompiled user dll's ...
Registered in 0.005584 seconds.
Begin MonoManager ReloadAssembly
Native extension for WindowsStandalone target not found
Native extension for WebGL target not found
Refreshing native plugins compatible for Editor in 0.82 ms, found 3 plugins.
Preloading 0 native plugins for Editor in 0.00 ms.
Mono: successfully reloaded assembly
- Completed reload, in  1.055 seconds
Domain Reload Profiling:
	ReloadAssembly (1056ms)
		BeginReloadAssembly (129ms)
			ExecutionOrderSort (0ms)
			DisableScriptedObjects (6ms)
			BackupInstance (0ms)
			ReleaseScriptingObjects (0ms)
			CreateAndSetChildDomain (29ms)
		EndReloadAssembly (814ms)
			LoadAssemblies (90ms)
			RebuildTransferFunctionScriptingTraits (0ms)
			SetupTypeCache (229ms)
			ReleaseScriptCaches (1ms)
			RebuildScriptCaches (45ms)
			SetupLoadedEditorAssemblies (398ms)
				LogAssemblyErrors (0ms)
				InitializePlatformSupportModulesInManaged (17ms)
				SetLoadedEditorAssemblies (1ms)
				RefreshPlugins (1ms)
				BeforeProcessingInitializeOnLoad (71ms)
				ProcessInitializeOnLoadAttributes (263ms)
				ProcessInitializeOnLoadMethodAttributes (35ms)
				AfterProcessingInitializeOnLoad (10ms)
				EditorAssembliesLoaded (0ms)
			ExecutionOrderSort2 (0ms)
			AwakeInstancesAfterBackupRestoration (7ms)
Platform modules already initialized, skipping
Refreshing native plugins compatible for Editor in 2.37 ms, found 3 plugins.
Preloading 0 native plugins for Editor in 0.00 ms.
Unloading 3460 Unused Serialized files (Serialized files now loaded: 0)
Unloading 19 unused Assets / (118.1 KB). Loaded Objects now: 3990.
Memory consumption went from 124.2 MB to 124.1 MB.
Total: 2.759500 ms (FindLiveObjects: 0.382900 ms CreateObjectMapping: 0.085400 ms MarkObjects: 2.214900 ms  DeleteObjects: 0.075400 ms)

AssetImportParameters requested are different than current active one (requested -> active):
  custom:video-decoder-ogg-theora: a1e56fd34408186e4bbccfd4996cb3dc -> 
  custom:container-muxer-webm: aa71ff27fc2769a1b78a27578f13a17b -> 
  custom:container-demuxer-webm: 4f35f7cbe854078d1ac9338744f61a02 -> 
  custom:video-encoder-webm-vp8: eb34c28f22e8b96e1ab97ce403110664 -> 
  custom:audio-encoder-webm-vorbis: bf7c407c2cedff20999df2af8eb42d56 -> 
  custom:framework-win-MediaFoundation: 216162199b28c13a410421893ffa2e32 -> 
  custom:container-demuxer-ogg: 62fdf1f143b41e24485cea50d1cbac27 -> 
  custom:video-decoder-webm-vp8: 9c59270c3fd7afecdb556c50c9e8de78 -> 
  custom:audio-decoder-ogg-vorbis: bf7c407c2cedff20999df2af8eb42d56 -> 
========================================================================
Received Prepare
Registering precompiled user dll's ...
Registered in 0.005792 seconds.
Begin MonoManager ReloadAssembly
Native extension for WindowsStandalone target not found
Native extension for WebGL target not found
Refreshing native plugins compatible for Editor in 0.59 ms, found 3 plugins.
Preloading 0 native plugins for Editor in 0.00 ms.
Mono: successfully reloaded assembly
- Completed reload, in  1.079 seconds
Domain Reload Profiling:
	ReloadAssembly (1080ms)
		BeginReloadAssembly (129ms)
			ExecutionOrderSort (0ms)
			DisableScriptedObjects (5ms)
			BackupInstance (0ms)
			ReleaseScriptingObjects (0ms)
			CreateAndSetChildDomain (30ms)
		EndReloadAssembly (840ms)
			LoadAssemblies (81ms)
			RebuildTransferFunctionScriptingTraits (0ms)
			SetupTypeCache (238ms)
			ReleaseScriptCaches (1ms)
			RebuildScriptCaches (57ms)
			SetupLoadedEditorAssemblies (400ms)
				LogAssemblyErrors (0ms)
				InitializePlatformSupportModulesInManaged (17ms)
				SetLoadedEditorAssemblies (1ms)
				RefreshPlugins (1ms)
				BeforeProcessingInitializeOnLoad (70ms)
				ProcessInitializeOnLoadAttributes (267ms)
				ProcessInitializeOnLoadMethodAttributes (35ms)
				AfterProcessingInitializeOnLoad (10ms)
				EditorAssembliesLoaded (0ms)
			ExecutionOrderSort2 (0ms)
			AwakeInstancesAfterBackupRestoration (8ms)
Platform modules already initialized, skipping
Refreshing native plugins compatible for Editor in 2.08 ms, found 3 plugins.
Preloading 0 native plugins for Editor in 0.00 ms.
Unloading 3460 Unused Serialized files (Serialized files now loaded: 0)
Unloading 19 unused Assets / (118.1 KB). Loaded Objects now: 4005.
Memory consumption went from 124.2 MB to 124.1 MB.
Total: 3.057800 ms (FindLiveObjects: 0.355400 ms CreateObjectMapping: 0.088100 ms MarkObjects: 2.510100 ms  DeleteObjects: 0.102900 ms)

AssetImportParameters requested are different than current active one (requested -> active):
  custom:video-decoder-ogg-theora: a1e56fd34408186e4bbccfd4996cb3dc -> 
  custom:container-muxer-webm: aa71ff27fc2769a1b78a27578f13a17b -> 
  custom:container-demuxer-webm: 4f35f7cbe854078d1ac9338744f61a02 -> 
  custom:video-encoder-webm-vp8: eb34c28f22e8b96e1ab97ce403110664 -> 
  custom:audio-encoder-webm-vorbis: bf7c407c2cedff20999df2af8eb42d56 -> 
  custom:framework-win-MediaFoundation: 216162199b28c13a410421893ffa2e32 -> 
  custom:container-demuxer-ogg: 62fdf1f143b41e24485cea50d1cbac27 -> 
  custom:video-decoder-webm-vp8: 9c59270c3fd7afecdb556c50c9e8de78 -> 
  custom:audio-decoder-ogg-vorbis: bf7c407c2cedff20999df2af8eb42d56 -> 
========================================================================
Received Import Request.
  Time since last request: 207.631106 seconds.
  path: Assets/scripts
  artifactKey: Guid(7482535c8b0b43c469d1318d79023f59) Importer(815301076,1909f56bfc062723c751e8b465ee728b)
Start importing Assets/scripts using Guid(7482535c8b0b43c469d1318d79023f59) Importer(815301076,1909f56bfc062723c751e8b465ee728b)  -> (artifact id: '700af44b1f5a8b4732324258d61182ab') in 0.010623 seconds 
========================================================================
Received Import Request.
  Time since last request: 1.684221 seconds.
  path: Assets/scripts/FaceCamera.cs
  artifactKey: Guid(19d6ea4f17f7d1e4c895e4d7b4a8cb0d) Importer(815301076,1909f56bfc062723c751e8b465ee728b)
Start importing Assets/scripts/FaceCamera.cs using Guid(19d6ea4f17f7d1e4c895e4d7b4a8cb0d) Importer(815301076,1909f56bfc062723c751e8b465ee728b)  -> (artifact id: '9d0459efb8f9fc4c81a2532e43e2378b') in 0.034214 seconds 
========================================================================
Received Import Request.
  Time since last request: 0.295239 seconds.
  path: Assets/scripts/GameUI.cs
  artifactKey: Guid(385df60d5aef8034ea90802c19275306) Importer(815301076,1909f56bfc062723c751e8b465ee728b)
Start importing Assets/scripts/GameUI.cs using Guid(385df60d5aef8034ea90802c19275306) Importer(815301076,1909f56bfc062723c751e8b465ee728b)  -> (artifact id: '484187b7914963c432e1f137a18b6307') in 0.008574 seconds 
========================================================================
Received Import Request.
  Time since last request: 0.291634 seconds.
  path: Assets/scripts/GridInst.cs
  artifactKey: Guid(cc82dde80a52b8046833f1c35b59c0d3) Importer(815301076,1909f56bfc062723c751e8b465ee728b)
Start importing Assets/scripts/GridInst.cs using Guid(cc82dde80a52b8046833f1c35b59c0d3) Importer(815301076,1909f56bfc062723c751e8b465ee728b)  -> (artifact id: 'a903b5b9cc16aa5a4ed00cf8c18d40bb') in 0.011490 seconds 
========================================================================
Received Import Request.
  Time since last request: 0.536778 seconds.
  path: Assets/scripts/Movements
  artifactKey: Guid(f073dcad520f5884cb3346002a7d02f3) Importer(815301076,1909f56bfc062723c751e8b465ee728b)
Start importing Assets/scripts/Movements using Guid(f073dcad520f5884cb3346002a7d02f3) Importer(815301076,1909f56bfc062723c751e8b465ee728b)  -> (artifact id: '969dcb2435d4f655b54c7a973b093be4') in 0.006072 seconds 
========================================================================
Received Import Request.
  Time since last request: 1.601071 seconds.
  path: Assets/scripts/Movements/GridMovement.cs
  artifactKey: Guid(d4dd1e5e11d8845469f7c74f33543977) Importer(815301076,1909f56bfc062723c751e8b465ee728b)
Start importing Assets/scripts/Movements/GridMovement.cs using Guid(d4dd1e5e11d8845469f7c74f33543977) Importer(815301076,1909f56bfc062723c751e8b465ee728b)  -> (artifact id: 'f7713eacd2cfe9a69e10b465a3d3507a') in 0.018630 seconds 
========================================================================
Received Import Request.
  Time since last request: 263.579651 seconds.
  path: Assets/scripts/Movements/GridMovement.cs
  artifactKey: Guid(d4dd1e5e11d8845469f7c74f33543977) Importer(815301076,1909f56bfc062723c751e8b465ee728b)
Start importing Assets/scripts/Movements/GridMovement.cs using Guid(d4dd1e5e11d8845469f7c74f33543977) Importer(815301076,1909f56bfc062723c751e8b465ee728b)  -> (artifact id: '7feabc196adc133f41a1ebc051326390') in 0.003564 seconds 
========================================================================
Received Import Request.
  Time since last request: 764.521108 seconds.
  path: Assets/scripts/Movements/Movement.cs
  artifactKey: Guid(baeffcd794908ba44a4aae5ec4838873) Importer(815301076,1909f56bfc062723c751e8b465ee728b)
Start importing Assets/scripts/Movements/Movement.cs using Guid(baeffcd794908ba44a4aae5ec4838873) Importer(815301076,1909f56bfc062723c751e8b465ee728b)  -> (artifact id: '663511cd5b425abd1cf35118dac61031') in 0.012530 seconds 
========================================================================
Received Import Request.
  Time since last request: 0.244711 seconds.
  path: Assets/scripts/Movements/MovementYX.cs
  artifactKey: Guid(5513924d2d055cc499190e0a05442131) Importer(815301076,1909f56bfc062723c751e8b465ee728b)
Start importing Assets/scripts/Movements/MovementYX.cs using Guid(5513924d2d055cc499190e0a05442131) Importer(815301076,1909f56bfc062723c751e8b465ee728b)  -> (artifact id: '182c03f9b3f2462dcd6b3941834b09c8') in 0.007234 seconds 
========================================================================
Received Import Request.
  Time since last request: 0.449877 seconds.
  path: Assets/scripts/Movements/GridMovement.cs
  artifactKey: Guid(d4dd1e5e11d8845469f7c74f33543977) Importer(815301076,1909f56bfc062723c751e8b465ee728b)
Start importing Assets/scripts/Movements/GridMovement.cs using Guid(d4dd1e5e11d8845469f7c74f33543977) Importer(815301076,1909f56bfc062723c751e8b465ee728b)  -> (artifact id: '4f8d379c8bd5e0291390a01a9491ddbe') in 0.009375 seconds 
========================================================================
Received Import Request.
  Time since last request: 204.537458 seconds.
  path: Assets/scripts/GridInst.cs
  artifactKey: Guid(cc82dde80a52b8046833f1c35b59c0d3) Importer(815301076,1909f56bfc062723c751e8b465ee728b)
Start importing Assets/scripts/GridInst.cs using Guid(cc82dde80a52b8046833f1c35b59c0d3) Importer(815301076,1909f56bfc062723c751e8b465ee728b)  -> (artifact id: 'c772e350dd261abcfa3f61081c85177d') in 0.006413 seconds 
========================================================================
Received Import Request.
  Time since last request: 58060.011652 seconds.
  path: Assets/scripts/Turn and characters
  artifactKey: Guid(d006455be86e5b242a67a09227cf29e7) Importer(815301076,1909f56bfc062723c751e8b465ee728b)
Start importing Assets/scripts/Turn and characters using Guid(d006455be86e5b242a67a09227cf29e7) Importer(815301076,1909f56bfc062723c751e8b465ee728b)  -> (artifact id: '64cc41a279c9b166a4851e0c9988e8bc') in 0.014692 seconds 
========================================================================
Received Import Request.
  Time since last request: 0.709952 seconds.
  path: Assets/scripts/GridSystem
  artifactKey: Guid(bdcd6ca0ff05e0548b15530c19dc7f67) Importer(815301076,1909f56bfc062723c751e8b465ee728b)
Start importing Assets/scripts/GridSystem using Guid(bdcd6ca0ff05e0548b15530c19dc7f67) Importer(815301076,1909f56bfc062723c751e8b465ee728b)  -> (artifact id: '1ee2439091ebdc8e862c95637f0e5036') in 0.013282 seconds 
========================================================================
Received Import Request.
  Time since last request: 12.699444 seconds.
  path: Assets/scripts/UnitPlayer1.cs
  artifactKey: Guid(43767ac0accbdc04493e1621630c1881) Importer(815301076,1909f56bfc062723c751e8b465ee728b)
Start importing Assets/scripts/UnitPlayer1.cs using Guid(43767ac0accbdc04493e1621630c1881) Importer(815301076,1909f56bfc062723c751e8b465ee728b)  -> (artifact id: '09537e2267430c149e8284d67b43f45c') in 0.013410 seconds 
========================================================================
Received Import Request.
  Time since last request: 35.020365 seconds.
  path: Assets/scripts/UnitPlayer.cs
  artifactKey: Guid(3e898343cb8031945b1634e524b76123) Importer(815301076,1909f56bfc062723c751e8b465ee728b)
Start importing Assets/scripts/UnitPlayer.cs using Guid(3e898343cb8031945b1634e524b76123) Importer(815301076,1909f56bfc062723c751e8b465ee728b)  -> (artifact id: '8ded8f8abe91804f7c267878e8a7f9e5') in 0.010327 seconds 
========================================================================
Received Import Request.
  Time since last request: 9.708354 seconds.
  path: Assets/scripts/UnitPlayer1.cs
  artifactKey: Guid(43767ac0accbdc04493e1621630c1881) Importer(815301076,1909f56bfc062723c751e8b465ee728b)
Start importing Assets/scripts/UnitPlayer1.cs using Guid(43767ac0accbdc04493e1621630c1881) Importer(815301076,1909f56bfc062723c751e8b465ee728b)  -> (artifact id: '1532694ac1ae3184254e86b55d585b24') in 0.002312 seconds 
========================================================================
Received Import Request.
  Time since last request: 2.727555 seconds.
  path: Assets/scripts/UnitPlayer.cs
  artifactKey: Guid(43767ac0accbdc04493e1621630c1881) Importer(815301076,1909f56bfc062723c751e8b465ee728b)
Start importing Assets/scripts/UnitPlayer.cs using Guid(43767ac0accbdc04493e1621630c1881) Importer(815301076,1909f56bfc062723c751e8b465ee728b)  -> (artifact id: '4c7a8e0277ef98773d99845959b8eae1') in 0.003685 seconds 
